<?xml version="1.0" encoding="UTF-8"?>
<!-- Generated by org.testng.reporters.JUnitReportReporter -->
<testsuite hostname="Vishnu" failures="0" tests="1" name="sample.Demo" time="0.008" errors="0" timestamp="2023-08-05T12:14:02 IST" skipped="0">
  <testcase classname="sample.Demo" name="sample" time="0.008"/>
</testsuite> <!-- sample.Demo -->
